

Started GET "/stylesheets/iPhone.css" for 127.0.0.1 at 2012-08-17 20:19:25 +0100

ActionController::RoutingError (No route matches [GET] "/stylesheets/iPhone.css"):
  

Rendered /usr/local/lib/ruby/gems/1.9.1/gems/actionpack-3.1.0/lib/action_dispatch/middleware/templates/rescues/routing_error.erb within rescues/layout (12.8ms)


Started GET "/apple-touch-icon-114x114-precomposed.png" for 192.168.1.34 at 2012-08-17 23:24:56 +0100

ActionController::RoutingError (No route matches [GET] "/apple-touch-icon-114x114-precomposed.png"):
  

Rendered /usr/local/lib/ruby/gems/1.9.1/gems/actionpack-3.1.0/lib/action_dispatch/middleware/templates/rescues/routing_error.erb within rescues/layout (46.6ms)


Started GET "/apple-touch-icon-114x114.png" for 192.168.1.34 at 2012-08-17 23:24:58 +0100

ActionController::RoutingError (No route matches [GET] "/apple-touch-icon-114x114.png"):
  

Rendered /usr/local/lib/ruby/gems/1.9.1/gems/actionpack-3.1.0/lib/action_dispatch/middleware/templates/rescues/routing_error.erb within rescues/layout (0.7ms)


Started GET "/apple-touch-icon-precomposed.png" for 192.168.1.34 at 2012-08-17 23:24:58 +0100

ActionController::RoutingError (No route matches [GET] "/apple-touch-icon-precomposed.png"):
  

Rendered /usr/local/lib/ruby/gems/1.9.1/gems/actionpack-3.1.0/lib/action_dispatch/middleware/templates/rescues/routing_error.erb within rescues/layout (0.6ms)


Started GET "/apple-touch-icon.png" for 192.168.1.34 at 2012-08-17 23:24:58 +0100

ActionController::RoutingError (No route matches [GET] "/apple-touch-icon.png"):
  

Rendered /usr/local/lib/ruby/gems/1.9.1/gems/actionpack-3.1.0/lib/action_dispatch/middleware/templates/rescues/routing_error.erb within rescues/layout (0.7ms)


Started GET "/apple-touch-icon-114x114-precomposed.png" for 192.168.1.34 at 2012-08-17 23:25:14 +0100

ActionController::RoutingError (No route matches [GET] "/apple-touch-icon-114x114-precomposed.png"):
  

Rendered /usr/local/lib/ruby/gems/1.9.1/gems/actionpack-3.1.0/lib/action_dispatch/middleware/templates/rescues/routing_error.erb within rescues/layout (0.6ms)


Started GET "/apple-touch-icon-114x114.png" for 192.168.1.34 at 2012-08-17 23:25:15 +0100

ActionController::RoutingError (No route matches [GET] "/apple-touch-icon-114x114.png"):
  

Rendered /usr/local/lib/ruby/gems/1.9.1/gems/actionpack-3.1.0/lib/action_dispatch/middleware/templates/rescues/routing_error.erb within rescues/layout (0.7ms)


Started GET "/apple-touch-icon-precomposed.png" for 192.168.1.34 at 2012-08-17 23:25:15 +0100

ActionController::RoutingError (No route matches [GET] "/apple-touch-icon-precomposed.png"):
  

Rendered /usr/local/lib/ruby/gems/1.9.1/gems/actionpack-3.1.0/lib/action_dispatch/middleware/templates/rescues/routing_error.erb within rescues/layout (0.6ms)


Started GET "/apple-touch-icon.png" for 192.168.1.34 at 2012-08-17 23:25:16 +0100

ActionController::RoutingError (No route matches [GET] "/apple-touch-icon.png"):
  

Rendered /usr/local/lib/ruby/gems/1.9.1/gems/actionpack-3.1.0/lib/action_dispatch/middleware/templates/rescues/routing_error.erb within rescues/layout (0.8ms)


Started GET "/apple-touch-icon-114x114-precomposed.png" for 192.168.1.34 at 2012-08-17 23:25:21 +0100

ActionController::RoutingError (No route matches [GET] "/apple-touch-icon-114x114-precomposed.png"):
  

Rendered /usr/local/lib/ruby/gems/1.9.1/gems/actionpack-3.1.0/lib/action_dispatch/middleware/templates/rescues/routing_error.erb within rescues/layout (0.8ms)


Started GET "/apple-touch-icon-114x114.png" for 192.168.1.34 at 2012-08-17 23:25:21 +0100

ActionController::RoutingError (No route matches [GET] "/apple-touch-icon-114x114.png"):
  

Rendered /usr/local/lib/ruby/gems/1.9.1/gems/actionpack-3.1.0/lib/action_dispatch/middleware/templates/rescues/routing_error.erb within rescues/layout (0.8ms)


Started GET "/apple-touch-icon-precomposed.png" for 192.168.1.34 at 2012-08-17 23:25:21 +0100

ActionController::RoutingError (No route matches [GET] "/apple-touch-icon-precomposed.png"):
  

Rendered /usr/local/lib/ruby/gems/1.9.1/gems/actionpack-3.1.0/lib/action_dispatch/middleware/templates/rescues/routing_error.erb within rescues/layout (0.8ms)


Started GET "/apple-touch-icon.png" for 192.168.1.34 at 2012-08-17 23:25:21 +0100

ActionController::RoutingError (No route matches [GET] "/apple-touch-icon.png"):
  

Rendered /usr/local/lib/ruby/gems/1.9.1/gems/actionpack-3.1.0/lib/action_dispatch/middleware/templates/rescues/routing_error.erb within rescues/layout (0.8ms)


Started GET "/apple-touch-icon-114x114-precomposed.png" for 192.168.1.34 at 2012-08-17 23:25:22 +0100

ActionController::RoutingError (No route matches [GET] "/apple-touch-icon-114x114-precomposed.png"):
  

Rendered /usr/local/lib/ruby/gems/1.9.1/gems/actionpack-3.1.0/lib/action_dispatch/middleware/templates/rescues/routing_error.erb within rescues/layout (0.8ms)


Started GET "/apple-touch-icon-114x114.png" for 192.168.1.34 at 2012-08-17 23:25:22 +0100

ActionController::RoutingError (No route matches [GET] "/apple-touch-icon-114x114.png"):
  

Rendered /usr/local/lib/ruby/gems/1.9.1/gems/actionpack-3.1.0/lib/action_dispatch/middleware/templates/rescues/routing_error.erb within rescues/layout (0.8ms)


Started GET "/apple-touch-icon-precomposed.png" for 192.168.1.34 at 2012-08-17 23:25:22 +0100

ActionController::RoutingError (No route matches [GET] "/apple-touch-icon-precomposed.png"):
  

Rendered /usr/local/lib/ruby/gems/1.9.1/gems/actionpack-3.1.0/lib/action_dispatch/middleware/templates/rescues/routing_error.erb within rescues/layout (0.8ms)


Started GET "/apple-touch-icon.png" for 192.168.1.34 at 2012-08-17 23:25:23 +0100

ActionController::RoutingError (No route matches [GET] "/apple-touch-icon.png"):
  

Rendered /usr/local/lib/ruby/gems/1.9.1/gems/actionpack-3.1.0/lib/action_dispatch/middleware/templates/rescues/routing_error.erb within rescues/layout (0.8ms)


Started GET "/apple-touch-icon-114x114-precomposed.png" for 192.168.1.34 at 2012-08-17 23:25:24 +0100

ActionController::RoutingError (No route matches [GET] "/apple-touch-icon-114x114-precomposed.png"):
  

Rendered /usr/local/lib/ruby/gems/1.9.1/gems/actionpack-3.1.0/lib/action_dispatch/middleware/templates/rescues/routing_error.erb within rescues/layout (0.6ms)


Started GET "/apple-touch-icon-114x114.png" for 192.168.1.34 at 2012-08-17 23:25:24 +0100

ActionController::RoutingError (No route matches [GET] "/apple-touch-icon-114x114.png"):
  

Rendered /usr/local/lib/ruby/gems/1.9.1/gems/actionpack-3.1.0/lib/action_dispatch/middleware/templates/rescues/routing_error.erb within rescues/layout (0.7ms)


Started GET "/apple-touch-icon-precomposed.png" for 192.168.1.34 at 2012-08-17 23:25:25 +0100

ActionController::RoutingError (No route matches [GET] "/apple-touch-icon-precomposed.png"):
  

Rendered /usr/local/lib/ruby/gems/1.9.1/gems/actionpack-3.1.0/lib/action_dispatch/middleware/templates/rescues/routing_error.erb within rescues/layout (0.8ms)


Started GET "/apple-touch-icon.png" for 192.168.1.34 at 2012-08-17 23:25:25 +0100

ActionController::RoutingError (No route matches [GET] "/apple-touch-icon.png"):
  

Rendered /usr/local/lib/ruby/gems/1.9.1/gems/actionpack-3.1.0/lib/action_dispatch/middleware/templates/rescues/routing_error.erb within rescues/layout (0.6ms)


Started GET "/apple-touch-icon-114x114-precomposed.png" for 192.168.1.34 at 2012-08-17 23:25:37 +0100

ActionController::RoutingError (No route matches [GET] "/apple-touch-icon-114x114-precomposed.png"):
  

Rendered /usr/local/lib/ruby/gems/1.9.1/gems/actionpack-3.1.0/lib/action_dispatch/middleware/templates/rescues/routing_error.erb within rescues/layout (0.8ms)


Started GET "/apple-touch-icon-114x114.png" for 192.168.1.34 at 2012-08-17 23:25:38 +0100

ActionController::RoutingError (No route matches [GET] "/apple-touch-icon-114x114.png"):
  

Rendered /usr/local/lib/ruby/gems/1.9.1/gems/actionpack-3.1.0/lib/action_dispatch/middleware/templates/rescues/routing_error.erb within rescues/layout (0.8ms)


Started GET "/apple-touch-icon-precomposed.png" for 192.168.1.34 at 2012-08-17 23:25:38 +0100

ActionController::RoutingError (No route matches [GET] "/apple-touch-icon-precomposed.png"):
  

Rendered /usr/local/lib/ruby/gems/1.9.1/gems/actionpack-3.1.0/lib/action_dispatch/middleware/templates/rescues/routing_error.erb within rescues/layout (0.8ms)


Started GET "/apple-touch-icon.png" for 192.168.1.34 at 2012-08-17 23:25:39 +0100

ActionController::RoutingError (No route matches [GET] "/apple-touch-icon.png"):
  

Rendered /usr/local/lib/ruby/gems/1.9.1/gems/actionpack-3.1.0/lib/action_dispatch/middleware/templates/rescues/routing_error.erb within rescues/layout (0.8ms)


Started GET "/apple-touch-icon-114x114-precomposed.png" for 192.168.1.34 at 2012-08-17 23:25:43 +0100

ActionController::RoutingError (No route matches [GET] "/apple-touch-icon-114x114-precomposed.png"):
  

Rendered /usr/local/lib/ruby/gems/1.9.1/gems/actionpack-3.1.0/lib/action_dispatch/middleware/templates/rescues/routing_error.erb within rescues/layout (0.6ms)


Started GET "/apple-touch-icon-114x114.png" for 192.168.1.34 at 2012-08-17 23:25:43 +0100

ActionController::RoutingError (No route matches [GET] "/apple-touch-icon-114x114.png"):
  

Rendered /usr/local/lib/ruby/gems/1.9.1/gems/actionpack-3.1.0/lib/action_dispatch/middleware/templates/rescues/routing_error.erb within rescues/layout (0.8ms)


Started GET "/apple-touch-icon-precomposed.png" for 192.168.1.34 at 2012-08-17 23:25:44 +0100

ActionController::RoutingError (No route matches [GET] "/apple-touch-icon-precomposed.png"):
  

Rendered /usr/local/lib/ruby/gems/1.9.1/gems/actionpack-3.1.0/lib/action_dispatch/middleware/templates/rescues/routing_error.erb within rescues/layout (0.8ms)


Started GET "/apple-touch-icon.png" for 192.168.1.34 at 2012-08-17 23:25:44 +0100

ActionController::RoutingError (No route matches [GET] "/apple-touch-icon.png"):
  

Rendered /usr/local/lib/ruby/gems/1.9.1/gems/actionpack-3.1.0/lib/action_dispatch/middleware/templates/rescues/routing_error.erb within rescues/layout (0.8ms)


Started GET "/apple-touch-icon-114x114-precomposed.png" for 192.168.1.34 at 2012-08-17 23:25:44 +0100

ActionController::RoutingError (No route matches [GET] "/apple-touch-icon-114x114-precomposed.png"):
  

Rendered /usr/local/lib/ruby/gems/1.9.1/gems/actionpack-3.1.0/lib/action_dispatch/middleware/templates/rescues/routing_error.erb within rescues/layout (0.8ms)


Started GET "/apple-touch-icon-114x114.png" for 192.168.1.34 at 2012-08-17 23:25:44 +0100

ActionController::RoutingError (No route matches [GET] "/apple-touch-icon-114x114.png"):
  

Rendered /usr/local/lib/ruby/gems/1.9.1/gems/actionpack-3.1.0/lib/action_dispatch/middleware/templates/rescues/routing_error.erb within rescues/layout (0.8ms)


Started GET "/apple-touch-icon-precomposed.png" for 192.168.1.34 at 2012-08-17 23:25:45 +0100

ActionController::RoutingError (No route matches [GET] "/apple-touch-icon-precomposed.png"):
  

Rendered /usr/local/lib/ruby/gems/1.9.1/gems/actionpack-3.1.0/lib/action_dispatch/middleware/templates/rescues/routing_error.erb within rescues/layout (0.8ms)


Started GET "/apple-touch-icon.png" for 192.168.1.34 at 2012-08-17 23:25:45 +0100

ActionController::RoutingError (No route matches [GET] "/apple-touch-icon.png"):
  

Rendered /usr/local/lib/ruby/gems/1.9.1/gems/actionpack-3.1.0/lib/action_dispatch/middleware/templates/rescues/routing_error.erb within rescues/layout (0.7ms)


Started GET "/apple-touch-icon-114x114-precomposed.png" for 192.168.1.34 at 2012-08-17 23:27:10 +0100

ActionController::RoutingError (No route matches [GET] "/apple-touch-icon-114x114-precomposed.png"):
  

Rendered /usr/local/lib/ruby/gems/1.9.1/gems/actionpack-3.1.0/lib/action_dispatch/middleware/templates/rescues/routing_error.erb within rescues/layout (0.7ms)


Started GET "/apple-touch-icon-114x114.png" for 192.168.1.34 at 2012-08-17 23:27:10 +0100

ActionController::RoutingError (No route matches [GET] "/apple-touch-icon-114x114.png"):
  

Rendered /usr/local/lib/ruby/gems/1.9.1/gems/actionpack-3.1.0/lib/action_dispatch/middleware/templates/rescues/routing_error.erb within rescues/layout (0.7ms)


Started GET "/apple-touch-icon-precomposed.png" for 192.168.1.34 at 2012-08-17 23:27:10 +0100

ActionController::RoutingError (No route matches [GET] "/apple-touch-icon-precomposed.png"):
  

Rendered /usr/local/lib/ruby/gems/1.9.1/gems/actionpack-3.1.0/lib/action_dispatch/middleware/templates/rescues/routing_error.erb within rescues/layout (0.7ms)


Started GET "/apple-touch-icon.png" for 192.168.1.34 at 2012-08-17 23:27:10 +0100

ActionController::RoutingError (No route matches [GET] "/apple-touch-icon.png"):
  

Rendered /usr/local/lib/ruby/gems/1.9.1/gems/actionpack-3.1.0/lib/action_dispatch/middleware/templates/rescues/routing_error.erb within rescues/layout (0.7ms)


Started GET "/apple-touch-icon-114x114-precomposed.png" for 192.168.1.34 at 2012-08-17 23:28:23 +0100

ActionController::RoutingError (No route matches [GET] "/apple-touch-icon-114x114-precomposed.png"):
  

Rendered /usr/local/lib/ruby/gems/1.9.1/gems/actionpack-3.1.0/lib/action_dispatch/middleware/templates/rescues/routing_error.erb within rescues/layout (0.8ms)


Started GET "/apple-touch-icon-114x114.png" for 192.168.1.34 at 2012-08-17 23:28:23 +0100

ActionController::RoutingError (No route matches [GET] "/apple-touch-icon-114x114.png"):
  

Rendered /usr/local/lib/ruby/gems/1.9.1/gems/actionpack-3.1.0/lib/action_dispatch/middleware/templates/rescues/routing_error.erb within rescues/layout (0.7ms)


Started GET "/apple-touch-icon-114x114.png" for 192.168.1.34 at 2012-08-17 23:28:24 +0100

ActionController::RoutingError (No route matches [GET] "/apple-touch-icon-114x114.png"):
  

Rendered /usr/local/lib/ruby/gems/1.9.1/gems/actionpack-3.1.0/lib/action_dispatch/middleware/templates/rescues/routing_error.erb within rescues/layout (0.7ms)


Started GET "/apple-touch-icon-precomposed.png" for 192.168.1.34 at 2012-08-17 23:28:29 +0100

ActionController::RoutingError (No route matches [GET] "/apple-touch-icon-precomposed.png"):
  

Rendered /usr/local/lib/ruby/gems/1.9.1/gems/actionpack-3.1.0/lib/action_dispatch/middleware/templates/rescues/routing_error.erb within rescues/layout (0.7ms)


Started GET "/apple-touch-icon.png" for 192.168.1.34 at 2012-08-17 23:28:29 +0100

ActionController::RoutingError (No route matches [GET] "/apple-touch-icon.png"):
  

Rendered /usr/local/lib/ruby/gems/1.9.1/gems/actionpack-3.1.0/lib/action_dispatch/middleware/templates/rescues/routing_error.erb within rescues/layout (0.7ms)


Started GET "/apple-touch-icon-114x114-precomposed.png" for 192.168.1.34 at 2012-08-17 23:28:37 +0100

ActionController::RoutingError (No route matches [GET] "/apple-touch-icon-114x114-precomposed.png"):
  

Rendered /usr/local/lib/ruby/gems/1.9.1/gems/actionpack-3.1.0/lib/action_dispatch/middleware/templates/rescues/routing_error.erb within rescues/layout (0.6ms)


Started GET "/apple-touch-icon-114x114.png" for 192.168.1.34 at 2012-08-17 23:28:37 +0100

ActionController::RoutingError (No route matches [GET] "/apple-touch-icon-114x114.png"):
  

Rendered /usr/local/lib/ruby/gems/1.9.1/gems/actionpack-3.1.0/lib/action_dispatch/middleware/templates/rescues/routing_error.erb within rescues/layout (0.7ms)


Started GET "/apple-touch-icon-precomposed.png" for 192.168.1.34 at 2012-08-17 23:28:37 +0100

ActionController::RoutingError (No route matches [GET] "/apple-touch-icon-precomposed.png"):
  

Rendered /usr/local/lib/ruby/gems/1.9.1/gems/actionpack-3.1.0/lib/action_dispatch/middleware/templates/rescues/routing_error.erb within rescues/layout (0.7ms)


Started GET "/apple-touch-icon.png" for 192.168.1.34 at 2012-08-17 23:28:37 +0100

ActionController::RoutingError (No route matches [GET] "/apple-touch-icon.png"):
  

Rendered /usr/local/lib/ruby/gems/1.9.1/gems/actionpack-3.1.0/lib/action_dispatch/middleware/templates/rescues/routing_error.erb within rescues/layout (0.7ms)


Started GET "/apple-touch-icon-114x114-precomposed.png" for 192.168.1.34 at 2012-08-17 23:30:12 +0100

ActionController::RoutingError (No route matches [GET] "/apple-touch-icon-114x114-precomposed.png"):
  

Rendered /usr/local/lib/ruby/gems/1.9.1/gems/actionpack-3.1.0/lib/action_dispatch/middleware/templates/rescues/routing_error.erb within rescues/layout (0.7ms)


Started GET "/apple-touch-icon-114x114.png" for 192.168.1.34 at 2012-08-17 23:30:12 +0100

ActionController::RoutingError (No route matches [GET] "/apple-touch-icon-114x114.png"):
  

Rendered /usr/local/lib/ruby/gems/1.9.1/gems/actionpack-3.1.0/lib/action_dispatch/middleware/templates/rescues/routing_error.erb within rescues/layout (0.6ms)


Started GET "/apple-touch-icon-precomposed.png" for 192.168.1.34 at 2012-08-17 23:30:12 +0100

ActionController::RoutingError (No route matches [GET] "/apple-touch-icon-precomposed.png"):
  

Rendered /usr/local/lib/ruby/gems/1.9.1/gems/actionpack-3.1.0/lib/action_dispatch/middleware/templates/rescues/routing_error.erb within rescues/layout (0.7ms)


Started GET "/apple-touch-icon.png" for 192.168.1.34 at 2012-08-17 23:30:13 +0100

ActionController::RoutingError (No route matches [GET] "/apple-touch-icon.png"):
  

Rendered /usr/local/lib/ruby/gems/1.9.1/gems/actionpack-3.1.0/lib/action_dispatch/middleware/templates/rescues/routing_error.erb within rescues/layout (0.7ms)


Started GET "/apple-touch-icon-114x114-precomposed.png" for 192.168.1.34 at 2012-08-17 23:30:35 +0100

ActionController::RoutingError (No route matches [GET] "/apple-touch-icon-114x114-precomposed.png"):
  

Rendered /usr/local/lib/ruby/gems/1.9.1/gems/actionpack-3.1.0/lib/action_dispatch/middleware/templates/rescues/routing_error.erb within rescues/layout (0.8ms)


Started GET "/apple-touch-icon-114x114.png" for 192.168.1.34 at 2012-08-17 23:30:35 +0100

ActionController::RoutingError (No route matches [GET] "/apple-touch-icon-114x114.png"):
  

Rendered /usr/local/lib/ruby/gems/1.9.1/gems/actionpack-3.1.0/lib/action_dispatch/middleware/templates/rescues/routing_error.erb within rescues/layout (0.7ms)


Started GET "/apple-touch-icon-precomposed.png" for 192.168.1.34 at 2012-08-17 23:30:35 +0100

ActionController::RoutingError (No route matches [GET] "/apple-touch-icon-precomposed.png"):
  

Rendered /usr/local/lib/ruby/gems/1.9.1/gems/actionpack-3.1.0/lib/action_dispatch/middleware/templates/rescues/routing_error.erb within rescues/layout (0.6ms)


Started GET "/apple-touch-icon.png" for 192.168.1.34 at 2012-08-17 23:30:35 +0100

ActionController::RoutingError (No route matches [GET] "/apple-touch-icon.png"):
  

Rendered /usr/local/lib/ruby/gems/1.9.1/gems/actionpack-3.1.0/lib/action_dispatch/middleware/templates/rescues/routing_error.erb within rescues/layout (0.6ms)


Started GET "/apple-touch-icon-114x114-precomposed.png" for 192.168.1.34 at 2012-08-17 23:52:33 +0100

ActionController::RoutingError (No route matches [GET] "/apple-touch-icon-114x114-precomposed.png"):
  

Rendered /usr/local/lib/ruby/gems/1.9.1/gems/actionpack-3.1.0/lib/action_dispatch/middleware/templates/rescues/routing_error.erb within rescues/layout (0.6ms)


Started GET "/apple-touch-icon-114x114.png" for 192.168.1.34 at 2012-08-17 23:52:33 +0100

ActionController::RoutingError (No route matches [GET] "/apple-touch-icon-114x114.png"):
  

Rendered /usr/local/lib/ruby/gems/1.9.1/gems/actionpack-3.1.0/lib/action_dispatch/middleware/templates/rescues/routing_error.erb within rescues/layout (0.7ms)


Started GET "/apple-touch-icon-precomposed.png" for 192.168.1.34 at 2012-08-17 23:52:33 +0100

ActionController::RoutingError (No route matches [GET] "/apple-touch-icon-precomposed.png"):
  

Rendered /usr/local/lib/ruby/gems/1.9.1/gems/actionpack-3.1.0/lib/action_dispatch/middleware/templates/rescues/routing_error.erb within rescues/layout (0.6ms)


Started GET "/apple-touch-icon.png" for 192.168.1.34 at 2012-08-17 23:52:33 +0100

ActionController::RoutingError (No route matches [GET] "/apple-touch-icon.png"):
  

Rendered /usr/local/lib/ruby/gems/1.9.1/gems/actionpack-3.1.0/lib/action_dispatch/middleware/templates/rescues/routing_error.erb within rescues/layout (0.8ms)
